<?xml version="1.0" encoding="UTF-8"?>
<!-- Generated by org.testng.reporters.JUnitReportReporter -->
<testsuite skipped="0" hostname="DESKTOP-E69K95O" name="groupId.artifactId.testNG.testNG" tests="1" failures="0" timestamp="09 Apr 2021 18:31:49 GMT" time="6.063" errors="0">
  <testcase name="abc" time="6.063" classname="groupId.artifactId.testNG.testNG"/>
</testsuite> <!-- groupId.artifactId.testNG.testNG -->
