<?xml version="1.0" encoding="UTF-8"?>
<!-- Generated by org.testng.reporters.JUnitReportReporter -->
<testsuite skipped="0" hostname="DESKTOP-E69K95O" name="Test_Demo.AgileTech.TestNG_Demo" tests="1" failures="0" timestamp="09 Apr 2021 18:46:24 GMT" time="3.021" errors="0">
  <testcase name="testngdemo" time="3.021" classname="Test_Demo.AgileTech.TestNG_Demo"/>
</testsuite> <!-- Test_Demo.AgileTech.TestNG_Demo -->
